250213 17:42:58 InnoDB: The InnoDB memory heap is disabled
250213 17:42:58 InnoDB: Mutexes and rw_locks use Windows interlocked functions
250213 17:42:58 InnoDB: Compressed tables use zlib 1.2.3
250213 17:42:58 InnoDB: Initializing buffer pool, size = 128.0M
250213 17:42:58 InnoDB: Completed initialization of buffer pool
250213 17:42:58 InnoDB: highest supported file format is Barracuda.
InnoDB: The log sequence number in ibdata files does not match
InnoDB: the log sequence number in the ib_logfiles!
250213 17:42:58  InnoDB: Database was not shut down normally!
InnoDB: Starting crash recovery.
InnoDB: Reading tablespace information from the .ibd files...
InnoDB: Restoring possible half-written data pages from the doublewrite
InnoDB: buffer...
InnoDB: Last MySQL binlog file position 0 156063, file name .\mysql-bin.000001
250213 17:42:58  InnoDB: Waiting for the background threads to start
250213 17:42:59 Percona XtraDB (http://www.percona.com) 5.5.36-MariaDB-33.0 started; log sequence number 4375014
250213 17:42:59 [Note] Plugin 'FEEDBACK' is disabled.
250213 17:42:59 [Note] Server socket created on IP: '::'.
250213 17:44:19 InnoDB: The InnoDB memory heap is disabled
250213 17:44:19 InnoDB: Mutexes and rw_locks use Windows interlocked functions
250213 17:44:19 InnoDB: Compressed tables use zlib 1.2.3
250213 17:44:19 InnoDB: Initializing buffer pool, size = 128.0M
250213 17:44:19 InnoDB: Completed initialization of buffer pool
250213 17:44:19 InnoDB: highest supported file format is Barracuda.
InnoDB: Log scan progressed past the checkpoint lsn 4375014
250213 17:44:19  InnoDB: Database was not shut down normally!
InnoDB: Starting crash recovery.
InnoDB: Reading tablespace information from the .ibd files...
InnoDB: Restoring possible half-written data pages from the doublewrite
InnoDB: buffer...
InnoDB: Doing recovery: scanned up to log sequence number 4375024
InnoDB: Last MySQL binlog file position 0 156063, file name .\mysql-bin.000001
250213 17:44:19  InnoDB: Waiting for the background threads to start
250213 17:44:20 Percona XtraDB (http://www.percona.com) 5.5.36-MariaDB-33.0 started; log sequence number 4375024
250213 17:44:20 [Note] Plugin 'FEEDBACK' is disabled.
250213 17:44:20 [Note] Recovering after a crash using mysql-bin
250213 17:44:20 [Note] Starting crash recovery...
250213 17:44:20 [Note] Crash recovery finished.
250213 17:44:20 [Note] Server socket created on IP: '::'.
250213 18:08:03 InnoDB: The InnoDB memory heap is disabled
250213 18:08:03 InnoDB: Mutexes and rw_locks use Windows interlocked functions
250213 18:08:03 InnoDB: Compressed tables use zlib 1.2.3
250213 18:08:03 InnoDB: Initializing buffer pool, size = 128.0M
250213 18:08:03 InnoDB: Completed initialization of buffer pool
250213 18:08:03 InnoDB: highest supported file format is Barracuda.
InnoDB: Log scan progressed past the checkpoint lsn 4375034
250213 18:08:03  InnoDB: Database was not shut down normally!
InnoDB: Starting crash recovery.
InnoDB: Reading tablespace information from the .ibd files...
InnoDB: Restoring possible half-written data pages from the doublewrite
InnoDB: buffer...
InnoDB: Doing recovery: scanned up to log sequence number 4378056
250213 18:08:03  InnoDB: Starting an apply batch of log records to the database...
InnoDB: Progress in percents: 45 46 47 48 49 50 51 52 53 54 55 56 57 58 59 60 61 62 63 64 65 66 67 68 69 70 71 72 73 74 75 76 77 78 79 80 81 82 83 84 85 86 87 88 89 90 91 92 93 94 95 96 97 98 99 
InnoDB: Apply batch completed
InnoDB: Last MySQL binlog file position 0 156063, file name .\mysql-bin.000001
250213 18:08:03  InnoDB: Waiting for the background threads to start
250213 18:08:04 Percona XtraDB (http://www.percona.com) 5.5.36-MariaDB-33.0 started; log sequence number 4378056
250213 18:08:04 [Note] Plugin 'FEEDBACK' is disabled.
250213 18:08:04 [Note] Recovering after a crash using mysql-bin
250213 18:08:04 [Note] Starting crash recovery...
250213 18:08:04 [Note] Crash recovery finished.
250213 18:08:04 [Note] Server socket created on IP: '::'.
250213 18:08:38 InnoDB: The InnoDB memory heap is disabled
250213 18:08:38 InnoDB: Mutexes and rw_locks use Windows interlocked functions
250213 18:08:38 InnoDB: Compressed tables use zlib 1.2.3
250213 18:08:38 InnoDB: Initializing buffer pool, size = 128.0M
250213 18:08:38 InnoDB: Completed initialization of buffer pool
250213 18:08:38 InnoDB: highest supported file format is Barracuda.
InnoDB: Log scan progressed past the checkpoint lsn 4378056
250213 18:08:38  InnoDB: Database was not shut down normally!
InnoDB: Starting crash recovery.
InnoDB: Reading tablespace information from the .ibd files...
InnoDB: Restoring possible half-written data pages from the doublewrite
InnoDB: buffer...
InnoDB: Doing recovery: scanned up to log sequence number 4378066
InnoDB: Last MySQL binlog file position 0 156063, file name .\mysql-bin.000001
250213 18:08:38  InnoDB: Waiting for the background threads to start
250213 18:08:39 Percona XtraDB (http://www.percona.com) 5.5.36-MariaDB-33.0 started; log sequence number 4378066
250213 18:08:39 [Note] Plugin 'FEEDBACK' is disabled.
250213 18:08:39 [Note] Recovering after a crash using mysql-bin
250213 18:08:39 [Note] Starting crash recovery...
250213 18:08:39 [Note] Crash recovery finished.
250213 18:08:39 [Note] Server socket created on IP: '::'.
250213 18:22:08 InnoDB: The InnoDB memory heap is disabled
250213 18:22:08 InnoDB: Mutexes and rw_locks use Windows interlocked functions
250213 18:22:08 InnoDB: Compressed tables use zlib 1.2.3
250213 18:22:08 InnoDB: Initializing buffer pool, size = 128.0M
250213 18:22:08 InnoDB: Completed initialization of buffer pool
250213 18:22:08 InnoDB: highest supported file format is Barracuda.
InnoDB: The log sequence number in ibdata files does not match
InnoDB: the log sequence number in the ib_logfiles!
250213 18:22:08  InnoDB: Database was not shut down normally!
InnoDB: Starting crash recovery.
InnoDB: Reading tablespace information from the .ibd files...
InnoDB: Restoring possible half-written data pages from the doublewrite
InnoDB: buffer...
InnoDB: Last MySQL binlog file position 0 939, file name .\mysql-bin.000004
250213 18:22:08  InnoDB: Waiting for the background threads to start
250213 18:22:09 Percona XtraDB (http://www.percona.com) 5.5.36-MariaDB-33.0 started; log sequence number 4379286
250213 18:22:09 [Note] Plugin 'FEEDBACK' is disabled.
250213 18:22:09 [Note] Recovering after a crash using mysql-bin
250213 18:22:09 [Note] Starting crash recovery...
250213 18:22:09 [Note] Crash recovery finished.
250213 18:22:09 [Note] Server socket created on IP: '::'.
250213 18:34:59 InnoDB: The InnoDB memory heap is disabled
250213 18:34:59 InnoDB: Mutexes and rw_locks use Windows interlocked functions
250213 18:34:59 InnoDB: Compressed tables use zlib 1.2.3
250213 18:34:59 InnoDB: Initializing buffer pool, size = 128.0M
250213 18:34:59 InnoDB: Completed initialization of buffer pool
250213 18:34:59 InnoDB: highest supported file format is Barracuda.
InnoDB: The log sequence number in ibdata files does not match
InnoDB: the log sequence number in the ib_logfiles!
250213 18:34:59  InnoDB: Database was not shut down normally!
InnoDB: Starting crash recovery.
InnoDB: Reading tablespace information from the .ibd files...
InnoDB: Restoring possible half-written data pages from the doublewrite
InnoDB: buffer...
InnoDB: Last MySQL binlog file position 0 943, file name .\mysql-bin.000005
250213 18:34:59  InnoDB: Waiting for the background threads to start
250213 18:35:00 Percona XtraDB (http://www.percona.com) 5.5.36-MariaDB-33.0 started; log sequence number 4380490
250213 18:35:00 [Note] Plugin 'FEEDBACK' is disabled.
250213 18:35:00 [Note] Recovering after a crash using mysql-bin
250213 18:35:00 [Note] Starting crash recovery...
250213 18:35:00 [Note] Crash recovery finished.
250213 18:35:00 [Note] Server socket created on IP: '::'.
250213 18:47:51 InnoDB: The InnoDB memory heap is disabled
250213 18:47:51 InnoDB: Mutexes and rw_locks use Windows interlocked functions
250213 18:47:51 InnoDB: Compressed tables use zlib 1.2.3
250213 18:47:51 InnoDB: Initializing buffer pool, size = 128.0M
250213 18:47:51 InnoDB: Completed initialization of buffer pool
250213 18:47:51 InnoDB: highest supported file format is Barracuda.
InnoDB: The log sequence number in ibdata files does not match
InnoDB: the log sequence number in the ib_logfiles!
250213 18:47:51  InnoDB: Database was not shut down normally!
InnoDB: Starting crash recovery.
InnoDB: Reading tablespace information from the .ibd files...
InnoDB: Restoring possible half-written data pages from the doublewrite
InnoDB: buffer...
InnoDB: Last MySQL binlog file position 0 943, file name .\mysql-bin.000005
250213 18:47:51  InnoDB: Waiting for the background threads to start
250213 18:47:52 Percona XtraDB (http://www.percona.com) 5.5.36-MariaDB-33.0 started; log sequence number 4380500
250213 18:47:52 [Note] Plugin 'FEEDBACK' is disabled.
250213 18:47:52 [Note] Recovering after a crash using mysql-bin
250213 18:47:52 [Note] Starting crash recovery...
250213 18:47:52 [Note] Crash recovery finished.
250213 18:47:52 [Note] Server socket created on IP: '::'.
250213 18:52:41 InnoDB: The InnoDB memory heap is disabled
250213 18:52:41 InnoDB: Mutexes and rw_locks use Windows interlocked functions
250213 18:52:41 InnoDB: Compressed tables use zlib 1.2.3
250213 18:52:41 InnoDB: Initializing buffer pool, size = 128.0M
250213 18:52:41 InnoDB: Completed initialization of buffer pool
250213 18:52:41 InnoDB: highest supported file format is Barracuda.
InnoDB: The log sequence number in ibdata files does not match
InnoDB: the log sequence number in the ib_logfiles!
250213 18:52:41  InnoDB: Database was not shut down normally!
InnoDB: Starting crash recovery.
InnoDB: Reading tablespace information from the .ibd files...
InnoDB: Restoring possible half-written data pages from the doublewrite
InnoDB: buffer...
InnoDB: Last MySQL binlog file position 0 943, file name .\mysql-bin.000005
250213 18:52:41  InnoDB: Waiting for the background threads to start
250213 18:52:42 Percona XtraDB (http://www.percona.com) 5.5.36-MariaDB-33.0 started; log sequence number 4380510
250213 18:52:42 [Note] Plugin 'FEEDBACK' is disabled.
250213 18:52:42 [Note] Recovering after a crash using mysql-bin
250213 18:52:42 [Note] Starting crash recovery...
250213 18:52:42 [Note] Crash recovery finished.
250213 18:52:42 [Note] Server socket created on IP: '::'.
250213 19:57:14 InnoDB: The InnoDB memory heap is disabled
250213 19:57:14 InnoDB: Mutexes and rw_locks use Windows interlocked functions
250213 19:57:14 InnoDB: Compressed tables use zlib 1.2.3
250213 19:57:14 InnoDB: Initializing buffer pool, size = 128.0M
250213 19:57:14 InnoDB: Completed initialization of buffer pool
250213 19:57:14 InnoDB: highest supported file format is Barracuda.
InnoDB: The log sequence number in ibdata files does not match
InnoDB: the log sequence number in the ib_logfiles!
250213 19:57:14  InnoDB: Database was not shut down normally!
InnoDB: Starting crash recovery.
InnoDB: Reading tablespace information from the .ibd files...
InnoDB: Restoring possible half-written data pages from the doublewrite
InnoDB: buffer...
InnoDB: Last MySQL binlog file position 0 8761, file name .\mysql-bin.000008
250213 19:57:14  InnoDB: Waiting for the background threads to start
250213 19:57:15 Percona XtraDB (http://www.percona.com) 5.5.36-MariaDB-33.0 started; log sequence number 4392638
250213 19:57:15 [Note] Plugin 'FEEDBACK' is disabled.
250213 19:57:15 [Note] Recovering after a crash using mysql-bin
250213 19:57:15 [Note] Starting crash recovery...
250213 19:57:15 [Note] Crash recovery finished.
250213 19:57:15 [Note] Server socket created on IP: '::'.
250213 20:40:44 InnoDB: The InnoDB memory heap is disabled
250213 20:40:44 InnoDB: Mutexes and rw_locks use Windows interlocked functions
250213 20:40:44 InnoDB: Compressed tables use zlib 1.2.3
250213 20:40:44 InnoDB: Initializing buffer pool, size = 128.0M
250213 20:40:44 InnoDB: Completed initialization of buffer pool
250213 20:40:44 InnoDB: highest supported file format is Barracuda.
InnoDB: The log sequence number in ibdata files does not match
InnoDB: the log sequence number in the ib_logfiles!
250213 20:40:44  InnoDB: Database was not shut down normally!
InnoDB: Starting crash recovery.
InnoDB: Reading tablespace information from the .ibd files...
InnoDB: Restoring possible half-written data pages from the doublewrite
InnoDB: buffer...
InnoDB: Last MySQL binlog file position 0 8761, file name .\mysql-bin.000008
250213 20:40:44  InnoDB: Waiting for the background threads to start
250213 20:40:45 Percona XtraDB (http://www.percona.com) 5.5.36-MariaDB-33.0 started; log sequence number 4392648
250213 20:40:45 [Note] Plugin 'FEEDBACK' is disabled.
250213 20:40:45 [Note] Recovering after a crash using mysql-bin
250213 20:40:45 [Note] Starting crash recovery...
250213 20:40:45 [Note] Crash recovery finished.
250213 20:40:45 [Note] Server socket created on IP: '::'.
250213 20:51:02 InnoDB: The InnoDB memory heap is disabled
250213 20:51:02 InnoDB: Mutexes and rw_locks use Windows interlocked functions
250213 20:51:02 InnoDB: Compressed tables use zlib 1.2.3
250213 20:51:02 InnoDB: Initializing buffer pool, size = 128.0M
250213 20:51:02 InnoDB: Completed initialization of buffer pool
250213 20:51:02 InnoDB: highest supported file format is Barracuda.
InnoDB: The log sequence number in ibdata files does not match
InnoDB: the log sequence number in the ib_logfiles!
250213 20:51:02  InnoDB: Database was not shut down normally!
InnoDB: Starting crash recovery.
InnoDB: Reading tablespace information from the .ibd files...
InnoDB: Restoring possible half-written data pages from the doublewrite
InnoDB: buffer...
InnoDB: Last MySQL binlog file position 0 9395, file name .\mysql-bin.000010
250213 20:51:02  InnoDB: Waiting for the background threads to start
250213 20:51:03 Percona XtraDB (http://www.percona.com) 5.5.36-MariaDB-33.0 started; log sequence number 4409574
250213 20:51:03 [Note] Plugin 'FEEDBACK' is disabled.
250213 20:51:03 [Note] Recovering after a crash using mysql-bin
250213 20:51:03 [Note] Starting crash recovery...
250213 20:51:03 [Note] Crash recovery finished.
250213 20:51:03 [Note] Server socket created on IP: '::'.
250213 21:05:20 InnoDB: The InnoDB memory heap is disabled
250213 21:05:20 InnoDB: Mutexes and rw_locks use Windows interlocked functions
250213 21:05:20 InnoDB: Compressed tables use zlib 1.2.3
250213 21:05:20 InnoDB: Initializing buffer pool, size = 128.0M
250213 21:05:20 InnoDB: Completed initialization of buffer pool
250213 21:05:20 InnoDB: highest supported file format is Barracuda.
InnoDB: The log sequence number in ibdata files does not match
InnoDB: the log sequence number in the ib_logfiles!
250213 21:05:20  InnoDB: Database was not shut down normally!
InnoDB: Starting crash recovery.
InnoDB: Reading tablespace information from the .ibd files...
InnoDB: Restoring possible half-written data pages from the doublewrite
InnoDB: buffer...
InnoDB: Last MySQL binlog file position 0 9401, file name .\mysql-bin.000011
250213 21:05:20  InnoDB: Waiting for the background threads to start
250213 21:05:21 Percona XtraDB (http://www.percona.com) 5.5.36-MariaDB-33.0 started; log sequence number 4422692
250213 21:05:21 [Note] Plugin 'FEEDBACK' is disabled.
250213 21:05:21 [Note] Recovering after a crash using mysql-bin
250213 21:05:21 [Note] Starting crash recovery...
250213 21:05:21 [Note] Crash recovery finished.
250213 21:05:21 [Note] Server socket created on IP: '::'.
250214 20:21:00 InnoDB: The InnoDB memory heap is disabled
250214 20:21:00 InnoDB: Mutexes and rw_locks use Windows interlocked functions
250214 20:21:00 InnoDB: Compressed tables use zlib 1.2.3
250214 20:21:00 InnoDB: Initializing buffer pool, size = 128.0M
250214 20:21:00 InnoDB: Completed initialization of buffer pool
250214 20:21:00 InnoDB: highest supported file format is Barracuda.
InnoDB: The log sequence number in ibdata files does not match
InnoDB: the log sequence number in the ib_logfiles!
250214 20:21:00  InnoDB: Database was not shut down normally!
InnoDB: Starting crash recovery.
InnoDB: Reading tablespace information from the .ibd files...
InnoDB: Restoring possible half-written data pages from the doublewrite
InnoDB: buffer...
InnoDB: Last MySQL binlog file position 0 50965, file name .\mysql-bin.000012
250214 20:21:01  InnoDB: Waiting for the background threads to start
250214 20:21:02 Percona XtraDB (http://www.percona.com) 5.5.36-MariaDB-33.0 started; log sequence number 4508108
250214 20:21:02 [Note] Plugin 'FEEDBACK' is disabled.
250214 20:21:02 [Note] Recovering after a crash using mysql-bin
250214 20:21:02 [Note] Starting crash recovery...
250214 20:21:02 [Note] Crash recovery finished.
250214 20:21:02 [Note] Server socket created on IP: '::'.
250214 21:44:16 InnoDB: The InnoDB memory heap is disabled
250214 21:44:16 InnoDB: Mutexes and rw_locks use Windows interlocked functions
250214 21:44:16 InnoDB: Compressed tables use zlib 1.2.3
250214 21:44:16 InnoDB: Initializing buffer pool, size = 128.0M
250214 21:44:16 InnoDB: Completed initialization of buffer pool
250214 21:44:16 InnoDB: highest supported file format is Barracuda.
InnoDB: The log sequence number in ibdata files does not match
InnoDB: the log sequence number in the ib_logfiles!
250214 21:44:16  InnoDB: Database was not shut down normally!
InnoDB: Starting crash recovery.
InnoDB: Reading tablespace information from the .ibd files...
InnoDB: Restoring possible half-written data pages from the doublewrite
InnoDB: buffer...
InnoDB: Last MySQL binlog file position 0 147905, file name .\mysql-bin.000013
250214 21:44:16  InnoDB: Waiting for the background threads to start
250214 21:44:17 Percona XtraDB (http://www.percona.com) 5.5.36-MariaDB-33.0 started; log sequence number 5077899
250214 21:44:17 [Note] Plugin 'FEEDBACK' is disabled.
250214 21:44:17 [Note] Recovering after a crash using mysql-bin
250214 21:44:17 [Note] Starting crash recovery...
250214 21:44:17 [Note] Crash recovery finished.
250214 21:44:17 [Note] Server socket created on IP: '::'.
250215  5:46:06 InnoDB: The InnoDB memory heap is disabled
250215  5:46:06 InnoDB: Mutexes and rw_locks use Windows interlocked functions
250215  5:46:06 InnoDB: Compressed tables use zlib 1.2.3
250215  5:46:06 InnoDB: Initializing buffer pool, size = 128.0M
250215  5:46:06 InnoDB: Completed initialization of buffer pool
250215  5:46:06 InnoDB: highest supported file format is Barracuda.
InnoDB: Log scan progressed past the checkpoint lsn 5555424
250215  5:46:06  InnoDB: Database was not shut down normally!
InnoDB: Starting crash recovery.
InnoDB: Reading tablespace information from the .ibd files...
InnoDB: Restoring possible half-written data pages from the doublewrite
InnoDB: buffer...
InnoDB: Doing recovery: scanned up to log sequence number 5555751
250215  5:46:06  InnoDB: Starting an apply batch of log records to the database...
InnoDB: Progress in percents: 71 72 73 74 75 76 77 78 79 80 81 82 83 84 85 86 87 88 89 90 91 92 93 94 95 96 97 98 99 
InnoDB: Apply batch completed
InnoDB: Last MySQL binlog file position 0 159563, file name .\mysql-bin.000014
250215  5:46:07  InnoDB: Waiting for the background threads to start
250215  5:46:08 Percona XtraDB (http://www.percona.com) 5.5.36-MariaDB-33.0 started; log sequence number 5555751
250215  5:46:08 [Note] Plugin 'FEEDBACK' is disabled.
250215  5:46:08 [Note] Recovering after a crash using mysql-bin
250215  5:46:08 [Note] Starting crash recovery...
250215  5:46:08 [Note] Crash recovery finished.
250215  5:46:08 [Note] Server socket created on IP: '::'.
250215  5:47:52 InnoDB: The InnoDB memory heap is disabled
250215  5:47:52 InnoDB: Mutexes and rw_locks use Windows interlocked functions
250215  5:47:52 InnoDB: Compressed tables use zlib 1.2.3
250215  5:47:52 InnoDB: Initializing buffer pool, size = 128.0M
250215  5:47:52 InnoDB: Completed initialization of buffer pool
250215  5:47:52 InnoDB: highest supported file format is Barracuda.
InnoDB: The log sequence number in ibdata files does not match
InnoDB: the log sequence number in the ib_logfiles!
250215  5:47:52  InnoDB: Database was not shut down normally!
InnoDB: Starting crash recovery.
InnoDB: Reading tablespace information from the .ibd files...
InnoDB: Restoring possible half-written data pages from the doublewrite
InnoDB: buffer...
InnoDB: Last MySQL binlog file position 0 159563, file name .\mysql-bin.000014
250215  5:47:52  InnoDB: Waiting for the background threads to start
250215  5:47:53 Percona XtraDB (http://www.percona.com) 5.5.36-MariaDB-33.0 started; log sequence number 5555761
250215  5:47:53 [Note] Plugin 'FEEDBACK' is disabled.
250215  5:47:53 [Note] Recovering after a crash using mysql-bin
250215  5:47:53 [Note] Starting crash recovery...
250215  5:47:53 [Note] Crash recovery finished.
250215  5:47:53 [Note] Server socket created on IP: '::'.
250215 18:26:17 InnoDB: The InnoDB memory heap is disabled
250215 18:26:17 InnoDB: Mutexes and rw_locks use Windows interlocked functions
250215 18:26:17 InnoDB: Compressed tables use zlib 1.2.3
250215 18:26:17 InnoDB: Initializing buffer pool, size = 128.0M
250215 18:26:17 InnoDB: Completed initialization of buffer pool
250215 18:26:17 InnoDB: highest supported file format is Barracuda.
InnoDB: The log sequence number in ibdata files does not match
InnoDB: the log sequence number in the ib_logfiles!
250215 18:26:17  InnoDB: Database was not shut down normally!
InnoDB: Starting crash recovery.
InnoDB: Reading tablespace information from the .ibd files...
InnoDB: Restoring possible half-written data pages from the doublewrite
InnoDB: buffer...
InnoDB: Last MySQL binlog file position 0 209483, file name .\mysql-bin.000016
250215 18:26:17  InnoDB: Waiting for the background threads to start
250215 18:26:18 Percona XtraDB (http://www.percona.com) 5.5.36-MariaDB-33.0 started; log sequence number 6184754
250215 18:26:18 [Note] Plugin 'FEEDBACK' is disabled.
250215 18:26:18 [Note] Recovering after a crash using mysql-bin
250215 18:26:18 [Note] Starting crash recovery...
250215 18:26:18 [Note] Crash recovery finished.
250215 18:26:18 [Note] Server socket created on IP: '::'.
250216 11:18:55 InnoDB: The InnoDB memory heap is disabled
250216 11:18:55 InnoDB: Mutexes and rw_locks use Windows interlocked functions
250216 11:18:55 InnoDB: Compressed tables use zlib 1.2.3
250216 11:18:55 InnoDB: Initializing buffer pool, size = 128.0M
250216 11:18:55 InnoDB: Completed initialization of buffer pool
250216 11:18:55 InnoDB: highest supported file format is Barracuda.
InnoDB: The log sequence number in ibdata files does not match
InnoDB: the log sequence number in the ib_logfiles!
250216 11:18:55  InnoDB: Database was not shut down normally!
InnoDB: Starting crash recovery.
InnoDB: Reading tablespace information from the .ibd files...
InnoDB: Restoring possible half-written data pages from the doublewrite
InnoDB: buffer...
InnoDB: Last MySQL binlog file position 0 95323, file name .\mysql-bin.000017
250216 11:18:55  InnoDB: Waiting for the background threads to start
250216 11:18:56 Percona XtraDB (http://www.percona.com) 5.5.36-MariaDB-33.0 started; log sequence number 6626409
250216 11:18:56 [Note] Plugin 'FEEDBACK' is disabled.
250216 11:18:56 [Note] Recovering after a crash using mysql-bin
250216 11:18:56 [Note] Starting crash recovery...
250216 11:18:56 [Note] Crash recovery finished.
250216 11:18:56 [Note] Server socket created on IP: '::'.
250216 19:50:37 InnoDB: The InnoDB memory heap is disabled
250216 19:50:37 InnoDB: Mutexes and rw_locks use Windows interlocked functions
250216 19:50:37 InnoDB: Compressed tables use zlib 1.2.3
250216 19:50:37 InnoDB: Initializing buffer pool, size = 128.0M
250216 19:50:37 InnoDB: Completed initialization of buffer pool
250216 19:50:37 InnoDB: highest supported file format is Barracuda.
InnoDB: The log sequence number in ibdata files does not match
InnoDB: the log sequence number in the ib_logfiles!
250216 19:50:37  InnoDB: Database was not shut down normally!
InnoDB: Starting crash recovery.
InnoDB: Reading tablespace information from the .ibd files...
InnoDB: Restoring possible half-written data pages from the doublewrite
InnoDB: buffer...
InnoDB: Last MySQL binlog file position 0 124569, file name .\mysql-bin.000018
250216 19:50:38  InnoDB: Waiting for the background threads to start
250216 19:50:39 Percona XtraDB (http://www.percona.com) 5.5.36-MariaDB-33.0 started; log sequence number 7048910
250216 19:50:39 [Note] Plugin 'FEEDBACK' is disabled.
250216 19:50:39 [Note] Recovering after a crash using mysql-bin
250216 19:50:39 [Note] Starting crash recovery...
250216 19:50:39 [Note] Crash recovery finished.
250216 19:50:39 [Note] Server socket created on IP: '::'.
